::1 - - [21/Oct/2017:23:11:08 +0000] "OPTIONS /users/login HTTP/1.1" 204 0
::1 - - [21/Oct/2017:23:11:08 +0000] "POST /users/login HTTP/1.1" 200 597
::1 - - [21/Oct/2017:23:21:25 +0000] "GET /users/profile/59ea107be5988b0bed9d7a4b HTTP/1.1" 200 227
::1 - - [21/Oct/2017:23:27:01 +0000] "OPTIONS /users/login HTTP/1.1" 204 0
::1 - - [21/Oct/2017:23:27:01 +0000] "POST /users/login HTTP/1.1" 200 615
::1 - - [21/Oct/2017:23:27:03 +0000] "GET /users/profile/59ea107be5988b0bed9d7a4b HTTP/1.1" 200 227
::1 - - [21/Oct/2017:23:29:43 +0000] "GET /users/profile/59ea107be5988b0bed9d7a4b HTTP/1.1" 304 -
::1 - - [21/Oct/2017:23:29:56 +0000] "GET /users/profile/59ea107be5988b0bed9d7a4b HTTP/1.1" 304 -
::1 - - [21/Oct/2017:23:30:10 +0000] "OPTIONS /users/login HTTP/1.1" 204 0
::1 - - [21/Oct/2017:23:30:10 +0000] "POST /users/login HTTP/1.1" 200 81
::1 - - [21/Oct/2017:23:30:20 +0000] "OPTIONS /users/login HTTP/1.1" 204 0
::1 - - [21/Oct/2017:23:30:20 +0000] "POST /users/login HTTP/1.1" 200 619
::1 - - [21/Oct/2017:23:30:23 +0000] "GET /users/profile/59ea143141215b0cdb30783a HTTP/1.1" 200 229
::1 - - [21/Oct/2017:23:30:46 +0000] "GET /users/profile/59ea143141215b0cdb30783a HTTP/1.1" 304 -
::1 - - [21/Oct/2017:23:40:14 +0000] "OPTIONS /users/profile/59ea143141215b0cdb30783a HTTP/1.1" 204 0
::1 - - [21/Oct/2017:23:40:14 +0000] "GET /users/profile/59ea143141215b0cdb30783a HTTP/1.1" 304 -
::1 - - [21/Oct/2017:23:43:33 +0000] "OPTIONS /users/login HTTP/1.1" 204 0
::1 - - [21/Oct/2017:23:43:33 +0000] "POST /users/login HTTP/1.1" 200 615
::1 - - [21/Oct/2017:23:43:34 +0000] "OPTIONS /users/profile/59ea107be5988b0bed9d7a4b HTTP/1.1" 204 0
::1 - - [21/Oct/2017:23:43:35 +0000] "GET /users/profile/59ea107be5988b0bed9d7a4b HTTP/1.1" 304 -
::1 - - [21/Oct/2017:23:44:06 +0000] "GET /users/profile/59ea107be5988b0bed9d7a4b HTTP/1.1" 401 -
::1 - - [21/Oct/2017:23:44:14 +0000] "GET /users/profile/59ea107be5988b0bed9d7a4b HTTP/1.1" 200 227
::1 - - [21/Oct/2017:23:45:36 +0000] "GET /users/profile/59ea107be5988b0bed9d7a4b HTTP/1.1" 200 227
::1 - - [21/Oct/2017:23:45:55 +0000] "GET /users/profile/59ea107be5988b0bed9d7a4b HTTP/1.1" 200 227
::1 - - [21/Oct/2017:23:45:56 +0000] "GET /users/profile/59ea107be5988b0bed9d7a4b HTTP/1.1" 200 227
::1 - - [21/Oct/2017:23:48:10 +0000] "GET /users/profile/59ea107be5988b0bed9d7a4b HTTP/1.1" 200 227
::1 - - [21/Oct/2017:23:57:19 +0000] "GET /users/profile/59ea107be5988b0bed9d7a4b HTTP/1.1" 200 227
::1 - - [21/Oct/2017:23:57:47 +0000] "GET /users/profile/59ea107be5988b0bed9d7a4b HTTP/1.1" 200 227
::1 - - [22/Oct/2017:00:00:06 +0000] "GET /users/profile/59ea107be5988b0bed9d7a4b HTTP/1.1" 200 227
::1 - - [22/Oct/2017:00:01:06 +0000] "GET /users/profile/59ea107be5988b0bed9d7a4b HTTP/1.1" 200 227
::1 - - [22/Oct/2017:00:03:32 +0000] "GET /users/profile/59ea107be5988b0bed9d7a4b HTTP/1.1" 200 227
::1 - - [22/Oct/2017:00:05:00 +0000] "GET /users/profile/59ea107be5988b0bed9d7a4b HTTP/1.1" 200 227
::1 - - [22/Oct/2017:00:08:12 +0000] "GET /users/profile/59ea107be5988b0bed9d7a4b HTTP/1.1" 200 227
::1 - - [22/Oct/2017:00:08:30 +0000] "GET /users/profile/59ea107be5988b0bed9d7a4b HTTP/1.1" 200 227
::1 - - [22/Oct/2017:00:08:51 +0000] "GET /users/profile/59ea107be5988b0bed9d7a4b HTTP/1.1" 200 227
::1 - - [22/Oct/2017:00:10:24 +0000] "GET /users/profile/59ea107be5988b0bed9d7a4b HTTP/1.1" 200 227
::1 - - [22/Oct/2017:03:37:59 +0000] "GET /users/profile/59ea107be5988b0bed9d7a4b HTTP/1.1" - -
::1 - - [22/Oct/2017:03:38:05 +0000] "POST /users/login HTTP/1.1" 200 615
::1 - - [22/Oct/2017:03:39:53 +0000] "GET /users/profile/59ea107be5988b0bed9d7a4b HTTP/1.1" 200 227
::1 - - [22/Oct/2017:03:40:26 +0000] "GET /users/profile/59ea107be5988b0bed9d7a4b HTTP/1.1" 200 227
::1 - - [22/Oct/2017:03:41:30 +0000] "GET /users/profile/59ea107be5988b0bed9d7a4b HTTP/1.1" 200 249
::1 - - [22/Oct/2017:03:42:46 +0000] "GET /users/profile/59ea107be5988b0bed9d7a4b HTTP/1.1" 200 265
::1 - - [22/Oct/2017:03:43:25 +0000] "GET /users/profile/59ea107be5988b0bed9d7a4b HTTP/1.1" 200 265
::1 - - [22/Oct/2017:03:45:20 +0000] "GET /users/profile/59ea107be5988b0bed9d7a4b HTTP/1.1" 200 265
::1 - - [22/Oct/2017:03:45:53 +0000] "OPTIONS /users/login HTTP/1.1" 204 0
::1 - - [22/Oct/2017:03:45:54 +0000] "POST /users/login HTTP/1.1" 200 615
::1 - - [22/Oct/2017:03:45:57 +0000] "OPTIONS /users/profile/59ea107be5988b0bed9d7a4b HTTP/1.1" 204 0
::1 - - [22/Oct/2017:03:45:57 +0000] "GET /users/profile/59ea107be5988b0bed9d7a4b HTTP/1.1" 200 265
::1 - - [22/Oct/2017:03:46:17 +0000] "OPTIONS /users/profile/59ea107be5988b0bed9d7a4b HTTP/1.1" 204 0
::1 - - [22/Oct/2017:03:46:17 +0000] "GET /users/profile/59ea107be5988b0bed9d7a4b HTTP/1.1" 304 -
::1 - - [22/Oct/2017:03:46:31 +0000] "OPTIONS /users/profile/59ea107be5988b0bed9d7a4b HTTP/1.1" 204 0
::1 - - [22/Oct/2017:03:46:31 +0000] "GET /users/profile/59ea107be5988b0bed9d7a4b HTTP/1.1" 304 -
::1 - - [22/Oct/2017:03:46:50 +0000] "OPTIONS /users/profile/59ea107be5988b0bed9d7a4b HTTP/1.1" 204 0
::1 - - [22/Oct/2017:03:46:50 +0000] "GET /users/profile/59ea107be5988b0bed9d7a4b HTTP/1.1" 304 -
