::1 - - [18/Oct/2017:18:05:18 +0000] "GET / HTTP/1.1" 200 13
::1 - - [18/Oct/2017:18:05:18 +0000] "GET /favicon.ico HTTP/1.1" 404 150
::1 - - [19/Oct/2017:01:24:26 +0000] "POST /users/register HTTP/1.1" 200 268
::1 - - [19/Oct/2017:01:25:22 +0000] "POST /users/login HTTP/1.1" 200 53
::1 - - [19/Oct/2017:01:25:38 +0000] "POST /users/login HTTP/1.1" - -
::1 - - [19/Oct/2017:01:26:00 +0000] "POST /users/login HTTP/1.1" - -
::1 - - [19/Oct/2017:01:29:36 +0000] "POST /users/login HTTP/1.1" - -
::1 - - [19/Oct/2017:01:29:50 +0000] "POST /users/login HTTP/1.1" 200 468
::1 - - [19/Oct/2017:01:34:37 +0000] "POST /users/login HTTP/1.1" - -
::1 - - [19/Oct/2017:01:34:40 +0000] "POST /users/login HTTP/1.1" - -
::1 - - [19/Oct/2017:01:35:26 +0000] "POST /users/login HTTP/1.1" - -
::1 - - [19/Oct/2017:01:35:54 +0000] "POST /users/login HTTP/1.1" 200 553
::1 - - [19/Oct/2017:01:36:34 +0000] "POST /users/login HTTP/1.1" - -
::1 - - [19/Oct/2017:01:37:00 +0000] "POST /users/login HTTP/1.1" - -
::1 - - [19/Oct/2017:01:38:00 +0000] "POST /users/login HTTP/1.1" - -
::1 - - [19/Oct/2017:01:38:02 +0000] "POST /users/login HTTP/1.1" - -
::1 - - [19/Oct/2017:01:38:37 +0000] "POST /users/login HTTP/1.1" 200 571
::1 - - [19/Oct/2017:01:39:18 +0000] "POST /users/login HTTP/1.1" 200 571
::1 - - [19/Oct/2017:01:39:41 +0000] "POST /users/login HTTP/1.1" 200 571
::1 - - [19/Oct/2017:01:42:16 +0000] "POST /users/login HTTP/1.1" 200 571
::1 - - [19/Oct/2017:01:42:53 +0000] "POST /users/login HTTP/1.1" 200 571
::1 - - [19/Oct/2017:01:45:48 +0000] "POST /users/login HTTP/1.1" - -
::1 - - [19/Oct/2017:01:48:13 +0000] "POST /users/login HTTP/1.1" 200 571
::1 - - [19/Oct/2017:01:48:42 +0000] "POST /users/login HTTP/1.1" 200 571
::1 - - [19/Oct/2017:01:50:55 +0000] "POST /users/login HTTP/1.1" - -
::1 - - [19/Oct/2017:01:54:38 +0000] "POST /users/login HTTP/1.1" - -
::1 - - [19/Oct/2017:01:55:06 +0000] "POST /users/login HTTP/1.1" 200 579
::1 - - [19/Oct/2017:01:55:30 +0000] "POST /users/login HTTP/1.1" - -
::1 - - [19/Oct/2017:01:57:31 +0000] "POST /users/login HTTP/1.1" - -
::1 - - [19/Oct/2017:01:59:06 +0000] "POST /users/login HTTP/1.1" 200 661
::1 - - [19/Oct/2017:19:14:02 +0000] "GET / HTTP/1.1" 304 -
::1 - - [19/Oct/2017:19:14:03 +0000] "GET /favicon.ico HTTP/1.1" 404 150
::1 - - [20/Oct/2017:14:46:55 +0000] "OPTIONS /users/register HTTP/1.1" 204 0
::1 - - [20/Oct/2017:14:46:55 +0000] "POST /users/register HTTP/1.1" 500 2299
::1 - - [20/Oct/2017:14:48:29 +0000] "OPTIONS /users/register HTTP/1.1" 204 0
::1 - - [20/Oct/2017:14:48:29 +0000] "POST /users/register HTTP/1.1" 500 2299
::1 - - [20/Oct/2017:14:50:20 +0000] "OPTIONS /users/register HTTP/1.1" 204 0
::1 - - [20/Oct/2017:14:50:20 +0000] "POST /users/register HTTP/1.1" 200 293
::1 - - [20/Oct/2017:15:04:27 +0000] "OPTIONS /users/register HTTP/1.1" 204 0
::1 - - [20/Oct/2017:15:04:27 +0000] "POST /users/register HTTP/1.1" 200 293
::1 - - [20/Oct/2017:15:05:43 +0000] "OPTIONS /users/register HTTP/1.1" 204 0
::1 - - [20/Oct/2017:15:05:43 +0000] "POST /users/register HTTP/1.1" 200 567
::1 - - [20/Oct/2017:15:09:05 +0000] "OPTIONS /users/register HTTP/1.1" 204 0
::1 - - [20/Oct/2017:15:09:05 +0000] "POST /users/register HTTP/1.1" 200 567
::1 - - [20/Oct/2017:15:09:28 +0000] "OPTIONS /users/register HTTP/1.1" 204 0
::1 - - [20/Oct/2017:15:09:28 +0000] "POST /users/register HTTP/1.1" 200 567
::1 - - [20/Oct/2017:15:13:16 +0000] "OPTIONS /users/register HTTP/1.1" 204 0
::1 - - [20/Oct/2017:15:13:16 +0000] "POST /users/register HTTP/1.1" 200 947
::1 - - [20/Oct/2017:15:13:59 +0000] "OPTIONS /users/register HTTP/1.1" 204 0
::1 - - [20/Oct/2017:15:13:59 +0000] "POST /users/register HTTP/1.1" 200 947
::1 - - [20/Oct/2017:15:17:48 +0000] "OPTIONS /users/register HTTP/1.1" 204 0
::1 - - [20/Oct/2017:15:17:49 +0000] "POST /users/register HTTP/1.1" 200 947
::1 - - [20/Oct/2017:15:17:58 +0000] "OPTIONS /users/register HTTP/1.1" 204 0
::1 - - [20/Oct/2017:15:17:58 +0000] "POST /users/register HTTP/1.1" 200 567
::1 - - [20/Oct/2017:15:18:03 +0000] "OPTIONS /users/register HTTP/1.1" 204 0
::1 - - [20/Oct/2017:15:18:03 +0000] "POST /users/register HTTP/1.1" 200 553
::1 - - [20/Oct/2017:15:18:09 +0000] "OPTIONS /users/register HTTP/1.1" 204 0
::1 - - [20/Oct/2017:15:18:09 +0000] "POST /users/register HTTP/1.1" 200 567
::1 - - [20/Oct/2017:15:18:45 +0000] "OPTIONS /users/register HTTP/1.1" 204 0
::1 - - [20/Oct/2017:15:18:45 +0000] "POST /users/register HTTP/1.1" 200 947
::1 - - [20/Oct/2017:15:18:48 +0000] "POST /users/register HTTP/1.1" 200 567
::1 - - [20/Oct/2017:15:19:10 +0000] "OPTIONS /users/register HTTP/1.1" 204 0
::1 - - [20/Oct/2017:15:19:10 +0000] "POST /users/register HTTP/1.1" 200 947
::1 - - [20/Oct/2017:15:19:14 +0000] "POST /users/register HTTP/1.1" 200 567
::1 - - [20/Oct/2017:15:19:18 +0000] "OPTIONS /users/register HTTP/1.1" 204 0
::1 - - [20/Oct/2017:15:19:18 +0000] "POST /users/register HTTP/1.1" 200 553
::1 - - [20/Oct/2017:15:19:25 +0000] "OPTIONS /users/register HTTP/1.1" 204 0
::1 - - [20/Oct/2017:15:19:25 +0000] "POST /users/register HTTP/1.1" 200 567
::1 - - [20/Oct/2017:15:20:17 +0000] "OPTIONS /users/register HTTP/1.1" 204 0
::1 - - [20/Oct/2017:15:20:17 +0000] "POST /users/register HTTP/1.1" 200 295
::1 - - [21/Oct/2017:03:10:38 +0000] "OPTIONS /users/login HTTP/1.1" 204 0
::1 - - [21/Oct/2017:03:10:38 +0000] "POST /users/login HTTP/1.1" 200 597
::1 - - [21/Oct/2017:03:15:24 +0000] "OPTIONS /users/login HTTP/1.1" 204 0
::1 - - [21/Oct/2017:03:15:24 +0000] "POST /users/login HTTP/1.1" 200 53
::1 - - [21/Oct/2017:03:15:30 +0000] "OPTIONS /users/login HTTP/1.1" 204 0
::1 - - [21/Oct/2017:03:15:30 +0000] "POST /users/login HTTP/1.1" 200 65
::1 - - [21/Oct/2017:03:15:36 +0000] "OPTIONS /users/login HTTP/1.1" 204 0
::1 - - [21/Oct/2017:03:15:36 +0000] "POST /users/login HTTP/1.1" 200 65
::1 - - [21/Oct/2017:03:16:24 +0000] "OPTIONS /users/login HTTP/1.1" 204 0
::1 - - [21/Oct/2017:03:16:24 +0000] "POST /users/login HTTP/1.1" 200 53
::1 - - [21/Oct/2017:03:16:31 +0000] "OPTIONS /users/login HTTP/1.1" 204 0
::1 - - [21/Oct/2017:03:16:31 +0000] "POST /users/login HTTP/1.1" 200 65
::1 - - [21/Oct/2017:03:16:50 +0000] "OPTIONS /users/login HTTP/1.1" 204 0
::1 - - [21/Oct/2017:03:16:50 +0000] "POST /users/login HTTP/1.1" 200 53
::1 - - [21/Oct/2017:03:16:55 +0000] "POST /users/login HTTP/1.1" 200 53
::1 - - [21/Oct/2017:03:18:35 +0000] "OPTIONS /users/login HTTP/1.1" 204 0
::1 - - [21/Oct/2017:03:18:36 +0000] "POST /users/login HTTP/1.1" 200 65
::1 - - [21/Oct/2017:03:18:38 +0000] "POST /users/login HTTP/1.1" 200 65
::1 - - [21/Oct/2017:03:18:41 +0000] "OPTIONS /users/login HTTP/1.1" 204 0
::1 - - [21/Oct/2017:03:18:41 +0000] "POST /users/login HTTP/1.1" 200 65
::1 - - [21/Oct/2017:03:18:42 +0000] "POST /users/login HTTP/1.1" 200 65
::1 - - [21/Oct/2017:03:18:50 +0000] "OPTIONS /users/login HTTP/1.1" 204 0
::1 - - [21/Oct/2017:03:18:50 +0000] "POST /users/login HTTP/1.1" 200 65
::1 - - [21/Oct/2017:03:19:00 +0000] "OPTIONS /users/login HTTP/1.1" 204 0
::1 - - [21/Oct/2017:03:19:00 +0000] "POST /users/login HTTP/1.1" 200 597
