::1 - - [22/Oct/2017:21:55:52 +0000] "OPTIONS /users/profile/59ea107be5988b0bed9d7a4b HTTP/1.1" 204 0
::1 - - [22/Oct/2017:21:55:52 +0000] "GET /users/profile/59ea107be5988b0bed9d7a4b HTTP/1.1" 401 -
::1 - - [22/Oct/2017:22:00:02 +0000] "OPTIONS /users/profile/59ea107be5988b0bed9d7a4b HTTP/1.1" 204 0
::1 - - [22/Oct/2017:22:00:02 +0000] "GET /users/profile/59ea107be5988b0bed9d7a4b HTTP/1.1" 401 -
::1 - - [22/Oct/2017:22:01:30 +0000] "OPTIONS /users/profile/59ea107be5988b0bed9d7a4b HTTP/1.1" 204 0
::1 - - [22/Oct/2017:22:01:30 +0000] "GET /users/profile/59ea107be5988b0bed9d7a4b HTTP/1.1" 401 -
::1 - - [22/Oct/2017:22:02:14 +0000] "OPTIONS /users/profile/59ea107be5988b0bed9d7a4b HTTP/1.1" 204 0
::1 - - [22/Oct/2017:22:02:14 +0000] "GET /users/profile/59ea107be5988b0bed9d7a4b HTTP/1.1" 401 -
::1 - - [22/Oct/2017:22:10:31 +0000] "OPTIONS /users/profile/59ea107be5988b0bed9d7a4b HTTP/1.1" 204 0
::1 - - [22/Oct/2017:22:10:31 +0000] "GET /users/profile/59ea107be5988b0bed9d7a4b HTTP/1.1" 401 -
::1 - - [22/Oct/2017:22:11:23 +0000] "OPTIONS /users/profile/undefined HTTP/1.1" 204 0
::1 - - [22/Oct/2017:22:11:23 +0000] "GET /users/profile/undefined HTTP/1.1" 401 -
::1 - - [22/Oct/2017:22:11:35 +0000] "OPTIONS /users/profile/59ea107be5988b0bed9d7a4b HTTP/1.1" 204 0
::1 - - [22/Oct/2017:22:11:35 +0000] "GET /users/profile/59ea107be5988b0bed9d7a4b HTTP/1.1" 401 -
::1 - - [22/Oct/2017:22:11:58 +0000] "OPTIONS /users/profile/59ea107be5988b0bed9d7a4b HTTP/1.1" 204 0
::1 - - [22/Oct/2017:22:11:58 +0000] "GET /users/profile/59ea107be5988b0bed9d7a4b HTTP/1.1" 401 -
::1 - - [22/Oct/2017:22:12:14 +0000] "OPTIONS /users/profile/59ea107be5988b0bed9d7a4b HTTP/1.1" 204 0
::1 - - [22/Oct/2017:22:12:14 +0000] "GET /users/profile/59ea107be5988b0bed9d7a4b HTTP/1.1" 401 -
::1 - - [22/Oct/2017:22:13:04 +0000] "OPTIONS /users/profile/59ea107be5988b0bed9d7a4b HTTP/1.1" 204 0
::1 - - [22/Oct/2017:22:13:04 +0000] "GET /users/profile/59ea107be5988b0bed9d7a4b HTTP/1.1" 401 -
::1 - - [22/Oct/2017:22:13:13 +0000] "OPTIONS /users/profile/59ea107be5988b0bed9d7a4b HTTP/1.1" 204 0
::1 - - [22/Oct/2017:22:13:13 +0000] "GET /users/profile/59ea107be5988b0bed9d7a4b HTTP/1.1" 401 -
::1 - - [22/Oct/2017:22:13:39 +0000] "OPTIONS /users/profile/59ea107be5988b0bed9d7a4b HTTP/1.1" 204 0
::1 - - [22/Oct/2017:22:13:39 +0000] "GET /users/profile/59ea107be5988b0bed9d7a4b HTTP/1.1" 401 -
::1 - - [22/Oct/2017:22:13:50 +0000] "OPTIONS /users/profile/59ea107be5988b0bed9d7a4b HTTP/1.1" 204 0
::1 - - [22/Oct/2017:22:13:50 +0000] "GET /users/profile/59ea107be5988b0bed9d7a4b HTTP/1.1" 401 -
::1 - - [22/Oct/2017:22:14:31 +0000] "OPTIONS /users/profile/59ea107be5988b0bed9d7a4b HTTP/1.1" 204 0
::1 - - [22/Oct/2017:22:14:31 +0000] "GET /users/profile/59ea107be5988b0bed9d7a4b HTTP/1.1" 401 -
::1 - - [22/Oct/2017:22:14:42 +0000] "OPTIONS /users/profile/59ea107be5988b0bed9d7a4b HTTP/1.1" 204 0
::1 - - [22/Oct/2017:22:14:42 +0000] "GET /users/profile/59ea107be5988b0bed9d7a4b HTTP/1.1" 401 -
::1 - - [22/Oct/2017:22:16:07 +0000] "OPTIONS /users/profile/undefined HTTP/1.1" 204 0
::1 - - [22/Oct/2017:22:16:07 +0000] "GET /users/profile/undefined HTTP/1.1" 401 -
::1 - - [22/Oct/2017:22:24:32 +0000] "OPTIONS /users/profile/undefined HTTP/1.1" 204 0
::1 - - [22/Oct/2017:22:24:32 +0000] "GET /users/profile/undefined HTTP/1.1" 401 -
::1 - - [22/Oct/2017:22:27:01 +0000] "OPTIONS /users/profile/undefined HTTP/1.1" 204 0
::1 - - [22/Oct/2017:22:27:01 +0000] "GET /users/profile/undefined HTTP/1.1" 401 -
::1 - - [22/Oct/2017:22:27:35 +0000] "OPTIONS /users/profile/undefined HTTP/1.1" 204 0
::1 - - [22/Oct/2017:22:27:35 +0000] "GET /users/profile/undefined HTTP/1.1" 401 -
::1 - - [22/Oct/2017:22:32:21 +0000] "OPTIONS /users/profile/undefined HTTP/1.1" 204 0
::1 - - [22/Oct/2017:22:32:21 +0000] "GET /users/profile/undefined HTTP/1.1" 401 -
::1 - - [22/Oct/2017:22:32:28 +0000] "OPTIONS /users/profile/undefined HTTP/1.1" 204 0
::1 - - [22/Oct/2017:22:32:28 +0000] "GET /users/profile/undefined HTTP/1.1" 401 -
::1 - - [22/Oct/2017:22:38:48 +0000] "OPTIONS /users/profile/undefined HTTP/1.1" 204 0
::1 - - [22/Oct/2017:22:38:48 +0000] "GET /users/profile/undefined HTTP/1.1" 401 -
::1 - - [22/Oct/2017:22:46:43 +0000] "OPTIONS /users/profile/undefined HTTP/1.1" 204 0
::1 - - [22/Oct/2017:22:46:43 +0000] "GET /users/profile/undefined HTTP/1.1" 401 -
::1 - - [22/Oct/2017:22:48:24 +0000] "OPTIONS /users/profile/undefined HTTP/1.1" 204 0
::1 - - [22/Oct/2017:22:48:24 +0000] "GET /users/profile/undefined HTTP/1.1" 401 -
::1 - - [22/Oct/2017:22:52:23 +0000] "OPTIONS /users/profile/undefined HTTP/1.1" 204 0
::1 - - [22/Oct/2017:22:52:23 +0000] "GET /users/profile/undefined HTTP/1.1" 401 -
::1 - - [22/Oct/2017:22:52:32 +0000] "OPTIONS /users/profile/undefined HTTP/1.1" 204 0
::1 - - [22/Oct/2017:22:52:32 +0000] "GET /users/profile/undefined HTTP/1.1" 401 -
::1 - - [22/Oct/2017:22:52:35 +0000] "GET /users/profile/undefined HTTP/1.1" 401 -
::1 - - [22/Oct/2017:22:52:41 +0000] "OPTIONS /users/profile/undefined HTTP/1.1" 204 0
::1 - - [22/Oct/2017:22:52:41 +0000] "GET /users/profile/undefined HTTP/1.1" 401 -
::1 - - [22/Oct/2017:22:52:48 +0000] "OPTIONS /users/profile/undefined HTTP/1.1" 204 0
::1 - - [22/Oct/2017:22:52:48 +0000] "GET /users/profile/undefined HTTP/1.1" 401 -
::1 - - [22/Oct/2017:22:53:13 +0000] "OPTIONS /users/profile/undefined HTTP/1.1" 204 0
::1 - - [22/Oct/2017:22:53:13 +0000] "GET /users/profile/undefined HTTP/1.1" 401 -
::1 - - [22/Oct/2017:22:53:17 +0000] "GET /users/profile/undefined HTTP/1.1" 401 -
::1 - - [22/Oct/2017:22:53:22 +0000] "OPTIONS /users/profile/undefined HTTP/1.1" 204 0
::1 - - [22/Oct/2017:22:53:22 +0000] "GET /users/profile/undefined HTTP/1.1" 401 -
::1 - - [22/Oct/2017:22:53:25 +0000] "GET /users/profile/undefined HTTP/1.1" 401 -
::1 - - [22/Oct/2017:22:53:41 +0000] "OPTIONS /users/profile/undefined HTTP/1.1" 204 0
::1 - - [22/Oct/2017:22:53:41 +0000] "GET /users/profile/undefined HTTP/1.1" 401 -
::1 - - [22/Oct/2017:22:54:01 +0000] "OPTIONS /users/profile/undefined HTTP/1.1" 204 0
::1 - - [22/Oct/2017:22:54:01 +0000] "GET /users/profile/undefined HTTP/1.1" 401 -
::1 - - [22/Oct/2017:22:54:10 +0000] "OPTIONS /users/profile/undefined HTTP/1.1" 204 0
::1 - - [22/Oct/2017:22:54:10 +0000] "GET /users/profile/undefined HTTP/1.1" 401 -
::1 - - [22/Oct/2017:22:54:14 +0000] "GET /users/profile/undefined HTTP/1.1" 401 -
::1 - - [22/Oct/2017:22:54:17 +0000] "OPTIONS /users/profile/undefined HTTP/1.1" 204 0
::1 - - [22/Oct/2017:22:54:17 +0000] "GET /users/profile/undefined HTTP/1.1" 401 -
::1 - - [22/Oct/2017:22:57:43 +0000] "OPTIONS /users/profile/undefined HTTP/1.1" 204 0
::1 - - [22/Oct/2017:22:57:43 +0000] "GET /users/profile/undefined HTTP/1.1" 401 -
::1 - - [22/Oct/2017:22:58:15 +0000] "OPTIONS /users/profile/undefined HTTP/1.1" 204 0
::1 - - [22/Oct/2017:22:58:15 +0000] "GET /users/profile/undefined HTTP/1.1" 401 -
::1 - - [22/Oct/2017:23:01:16 +0000] "OPTIONS /users/profile/undefined HTTP/1.1" 204 0
::1 - - [22/Oct/2017:23:01:16 +0000] "GET /users/profile/undefined HTTP/1.1" 401 -
::1 - - [22/Oct/2017:23:01:27 +0000] "OPTIONS /users/profile/undefined HTTP/1.1" 204 0
::1 - - [22/Oct/2017:23:01:27 +0000] "GET /users/profile/undefined HTTP/1.1" 401 -
::1 - - [22/Oct/2017:23:01:31 +0000] "GET /users/profile/undefined HTTP/1.1" 401 -
::1 - - [23/Oct/2017:00:35:11 +0000] "OPTIONS /users/login HTTP/1.1" 204 0
::1 - - [23/Oct/2017:00:35:11 +0000] "POST /users/login HTTP/1.1" 200 615
::1 - - [23/Oct/2017:00:35:12 +0000] "OPTIONS /users/profile/59ea107be5988b0bed9d7a4b HTTP/1.1" 204 0
::1 - - [23/Oct/2017:00:35:13 +0000] "GET /users/profile/59ea107be5988b0bed9d7a4b HTTP/1.1" 200 265
::1 - - [23/Oct/2017:00:35:20 +0000] "OPTIONS /users/profile/59ea107be5988b0bed9d7a4b HTTP/1.1" 204 0
::1 - - [23/Oct/2017:00:35:20 +0000] "GET /users/profile/59ea107be5988b0bed9d7a4b HTTP/1.1" 304 -
::1 - - [23/Oct/2017:00:37:06 +0000] "OPTIONS /users/profile/59ea107be5988b0bed9d7a4b HTTP/1.1" 204 0
::1 - - [23/Oct/2017:00:37:06 +0000] "GET /users/profile/59ea107be5988b0bed9d7a4b HTTP/1.1" 304 -
::1 - - [23/Oct/2017:00:39:05 +0000] "OPTIONS /users/profile/59ea107be5988b0bed9d7a4b HTTP/1.1" 204 0
::1 - - [23/Oct/2017:00:39:05 +0000] "GET /users/profile/59ea107be5988b0bed9d7a4b HTTP/1.1" 304 -
::1 - - [23/Oct/2017:00:39:36 +0000] "OPTIONS /users/profile/59ea107be5988b0bed9d7a4b HTTP/1.1" 204 0
::1 - - [23/Oct/2017:00:39:36 +0000] "GET /users/profile/59ea107be5988b0bed9d7a4b HTTP/1.1" 304 -
::1 - - [23/Oct/2017:00:39:42 +0000] "OPTIONS /users/profile/59ea107be5988b0bed9d7a4b HTTP/1.1" 204 0
::1 - - [23/Oct/2017:00:39:42 +0000] "GET /users/profile/59ea107be5988b0bed9d7a4b HTTP/1.1" 304 -
::1 - - [23/Oct/2017:00:40:06 +0000] "OPTIONS /users/profile/59ea107be5988b0bed9d7a4b HTTP/1.1" 204 0
::1 - - [23/Oct/2017:00:40:06 +0000] "GET /users/profile/59ea107be5988b0bed9d7a4b HTTP/1.1" 304 -
::1 - - [23/Oct/2017:00:40:39 +0000] "OPTIONS /users/profile/59ea107be5988b0bed9d7a4b HTTP/1.1" 204 0
::1 - - [23/Oct/2017:00:40:39 +0000] "GET /users/profile/59ea107be5988b0bed9d7a4b HTTP/1.1" 304 -
::1 - - [23/Oct/2017:00:58:48 +0000] "OPTIONS /users/profile/59ea107be5988b0bed9d7a4b HTTP/1.1" 204 0
::1 - - [23/Oct/2017:01:01:43 +0000] "OPTIONS /users/profile/59ea107be5988b0bed9d7a4b HTTP/1.1" 204 0
::1 - - [23/Oct/2017:01:01:53 +0000] "OPTIONS /users/profile/59ea107be5988b0bed9d7a4b HTTP/1.1" 204 0
::1 - - [23/Oct/2017:01:01:53 +0000] "GET /users/profile/59ea107be5988b0bed9d7a4b HTTP/1.1" 304 -
::1 - - [23/Oct/2017:01:02:24 +0000] "OPTIONS /users/profile/59ea107be5988b0bed9d7a4b HTTP/1.1" 204 0
::1 - - [23/Oct/2017:01:02:24 +0000] "GET /users/profile/59ea107be5988b0bed9d7a4b HTTP/1.1" 304 -
::1 - - [23/Oct/2017:01:02:45 +0000] "OPTIONS /users/profile/59ea107be5988b0bed9d7a4b HTTP/1.1" 204 0
::1 - - [23/Oct/2017:01:02:45 +0000] "GET /users/profile/59ea107be5988b0bed9d7a4b HTTP/1.1" 304 -
::1 - - [23/Oct/2017:01:05:37 +0000] "OPTIONS /users/profile/59ea107be5988b0bed9d7a4b HTTP/1.1" 204 0
::1 - - [23/Oct/2017:01:05:37 +0000] "GET /users/profile/59ea107be5988b0bed9d7a4b HTTP/1.1" 304 -
::1 - - [23/Oct/2017:01:05:48 +0000] "OPTIONS /users/profile/59ea107be5988b0bed9d7a4b HTTP/1.1" 204 0
::1 - - [23/Oct/2017:01:05:49 +0000] "GET /users/profile/59ea107be5988b0bed9d7a4b HTTP/1.1" 304 -
::1 - - [23/Oct/2017:01:06:57 +0000] "OPTIONS /users/profile/59ea107be5988b0bed9d7a4b HTTP/1.1" 204 0
::1 - - [23/Oct/2017:01:06:57 +0000] "GET /users/profile/59ea107be5988b0bed9d7a4b HTTP/1.1" 304 -
::1 - - [23/Oct/2017:01:07:19 +0000] "OPTIONS /users/profile/59ea107be5988b0bed9d7a4b HTTP/1.1" 204 0
::1 - - [23/Oct/2017:01:07:19 +0000] "GET /users/profile/59ea107be5988b0bed9d7a4b HTTP/1.1" 304 -
::1 - - [23/Oct/2017:01:08:04 +0000] "OPTIONS /users/profile/59ea107be5988b0bed9d7a4b HTTP/1.1" 204 0
::1 - - [23/Oct/2017:01:08:04 +0000] "GET /users/profile/59ea107be5988b0bed9d7a4b HTTP/1.1" 304 -
::1 - - [25/Oct/2017:21:31:18 +0000] "OPTIONS /users/profile/undefined HTTP/1.1" 204 0
::1 - - [25/Oct/2017:21:31:18 +0000] "GET /users/profile/undefined HTTP/1.1" 401 -
::1 - - [25/Oct/2017:21:31:36 +0000] "OPTIONS /users/login HTTP/1.1" 204 0
::1 - - [25/Oct/2017:21:31:36 +0000] "POST /users/login HTTP/1.1" 200 615
::1 - - [25/Oct/2017:21:31:37 +0000] "OPTIONS /users/profile/59ea107be5988b0bed9d7a4b HTTP/1.1" 204 0
::1 - - [25/Oct/2017:21:31:37 +0000] "GET /users/profile/59ea107be5988b0bed9d7a4b HTTP/1.1" 200 265
::1 - - [25/Oct/2017:21:34:02 +0000] "OPTIONS /users/profile/59ea107be5988b0bed9d7a4b HTTP/1.1" 204 0
::1 - - [25/Oct/2017:21:34:02 +0000] "GET /users/profile/59ea107be5988b0bed9d7a4b HTTP/1.1" 304 -
::1 - - [25/Oct/2017:21:35:01 +0000] "OPTIONS /users/profile/59ea107be5988b0bed9d7a4b HTTP/1.1" 204 0
::1 - - [25/Oct/2017:21:35:01 +0000] "GET /users/profile/59ea107be5988b0bed9d7a4b HTTP/1.1" 304 -
::1 - - [25/Oct/2017:21:35:14 +0000] "OPTIONS /users/profile/59ea107be5988b0bed9d7a4b HTTP/1.1" 204 0
::1 - - [25/Oct/2017:21:35:15 +0000] "GET /users/profile/59ea107be5988b0bed9d7a4b HTTP/1.1" 304 -
::1 - - [25/Oct/2017:21:36:40 +0000] "OPTIONS /users/profile/59ea107be5988b0bed9d7a4b HTTP/1.1" 204 0
::1 - - [25/Oct/2017:21:36:40 +0000] "GET /users/profile/59ea107be5988b0bed9d7a4b HTTP/1.1" 304 -
::1 - - [25/Oct/2017:21:37:09 +0000] "OPTIONS /users/profile/59ea107be5988b0bed9d7a4b HTTP/1.1" 204 0
::1 - - [25/Oct/2017:21:37:10 +0000] "GET /users/profile/59ea107be5988b0bed9d7a4b HTTP/1.1" 304 -
::1 - - [25/Oct/2017:21:52:58 +0000] "OPTIONS /users/profile/59ea107be5988b0bed9d7a4b HTTP/1.1" 204 0
::1 - - [25/Oct/2017:21:52:58 +0000] "GET /users/profile/59ea107be5988b0bed9d7a4b HTTP/1.1" 304 -
::1 - - [25/Oct/2017:21:53:25 +0000] "OPTIONS /users/profile/undefined HTTP/1.1" 204 0
::1 - - [25/Oct/2017:21:53:25 +0000] "GET /users/profile/undefined HTTP/1.1" 401 -
::1 - - [25/Oct/2017:21:53:36 +0000] "OPTIONS /users/login HTTP/1.1" 204 0
::1 - - [25/Oct/2017:21:53:36 +0000] "POST /users/login HTTP/1.1" 200 615
::1 - - [25/Oct/2017:21:53:37 +0000] "OPTIONS /users/profile/59ea107be5988b0bed9d7a4b HTTP/1.1" 204 0
::1 - - [25/Oct/2017:21:53:38 +0000] "GET /users/profile/59ea107be5988b0bed9d7a4b HTTP/1.1" 200 265
::1 - - [25/Oct/2017:21:54:50 +0000] "OPTIONS /users/profile/59ea107be5988b0bed9d7a4b HTTP/1.1" 204 0
::1 - - [25/Oct/2017:21:54:50 +0000] "GET /users/profile/59ea107be5988b0bed9d7a4b HTTP/1.1" 401 -
::1 - - [25/Oct/2017:21:55:12 +0000] "OPTIONS /users/login HTTP/1.1" 204 0
::1 - - [25/Oct/2017:21:55:13 +0000] "POST /users/login HTTP/1.1" 200 615
::1 - - [25/Oct/2017:21:55:14 +0000] "OPTIONS /users/profile/59ea107be5988b0bed9d7a4b HTTP/1.1" 204 0
::1 - - [25/Oct/2017:21:55:14 +0000] "GET /users/profile/59ea107be5988b0bed9d7a4b HTTP/1.1" 200 265
::1 - - [25/Oct/2017:21:55:33 +0000] "OPTIONS /users/login HTTP/1.1" 204 0
::1 - - [25/Oct/2017:21:55:33 +0000] "POST /users/login HTTP/1.1" 200 615
::1 - - [25/Oct/2017:21:55:34 +0000] "OPTIONS /users/profile/59ea107be5988b0bed9d7a4b HTTP/1.1" 204 0
::1 - - [25/Oct/2017:21:55:34 +0000] "GET /users/profile/59ea107be5988b0bed9d7a4b HTTP/1.1" 200 265
::1 - - [25/Oct/2017:21:56:34 +0000] "OPTIONS /users/login HTTP/1.1" 204 0
::1 - - [25/Oct/2017:21:56:34 +0000] "POST /users/login HTTP/1.1" 200 615
::1 - - [25/Oct/2017:21:56:35 +0000] "OPTIONS /users/profile/59ea107be5988b0bed9d7a4b HTTP/1.1" 204 0
::1 - - [25/Oct/2017:21:56:35 +0000] "GET /users/profile/59ea107be5988b0bed9d7a4b HTTP/1.1" 200 265
::1 - - [25/Oct/2017:21:57:13 +0000] "OPTIONS /users/login HTTP/1.1" 204 0
::1 - - [25/Oct/2017:21:57:13 +0000] "POST /users/login HTTP/1.1" 200 615
::1 - - [25/Oct/2017:21:57:14 +0000] "OPTIONS /users/profile/59ea107be5988b0bed9d7a4b HTTP/1.1" 204 0
::1 - - [25/Oct/2017:21:57:14 +0000] "GET /users/profile/59ea107be5988b0bed9d7a4b HTTP/1.1" 200 265
::1 - - [25/Oct/2017:21:57:31 +0000] "OPTIONS /users/login HTTP/1.1" 204 0
::1 - - [25/Oct/2017:21:57:32 +0000] "POST /users/login HTTP/1.1" 200 615
::1 - - [25/Oct/2017:21:57:32 +0000] "OPTIONS /users/profile/59ea107be5988b0bed9d7a4b HTTP/1.1" 204 0
::1 - - [25/Oct/2017:21:57:33 +0000] "GET /users/profile/59ea107be5988b0bed9d7a4b HTTP/1.1" 200 265
::1 - - [25/Oct/2017:21:57:39 +0000] "OPTIONS /users/login HTTP/1.1" 204 0
::1 - - [25/Oct/2017:21:57:39 +0000] "POST /users/login HTTP/1.1" 200 615
::1 - - [25/Oct/2017:21:57:40 +0000] "OPTIONS /users/profile/59ea107be5988b0bed9d7a4b HTTP/1.1" 204 0
::1 - - [25/Oct/2017:21:57:41 +0000] "GET /users/profile/59ea107be5988b0bed9d7a4b HTTP/1.1" 200 265
::1 - - [25/Oct/2017:21:58:02 +0000] "OPTIONS /users/profile/59ea107be5988b0bed9d7a4b HTTP/1.1" 204 0
::1 - - [25/Oct/2017:21:58:02 +0000] "GET /users/profile/59ea107be5988b0bed9d7a4b HTTP/1.1" 304 -
::1 - - [25/Oct/2017:21:59:50 +0000] "OPTIONS /users/profile/59ea107be5988b0bed9d7a4b HTTP/1.1" 204 0
::1 - - [25/Oct/2017:21:59:50 +0000] "GET /users/profile/59ea107be5988b0bed9d7a4b HTTP/1.1" 304 -
::1 - - [25/Oct/2017:22:01:06 +0000] "OPTIONS /users/profile/59ea107be5988b0bed9d7a4b HTTP/1.1" 204 0
::1 - - [25/Oct/2017:22:01:06 +0000] "GET /users/profile/59ea107be5988b0bed9d7a4b HTTP/1.1" 304 -
::1 - - [25/Oct/2017:22:01:37 +0000] "OPTIONS /users/profile/59ea107be5988b0bed9d7a4b HTTP/1.1" 204 0
::1 - - [25/Oct/2017:22:01:37 +0000] "GET /users/profile/59ea107be5988b0bed9d7a4b HTTP/1.1" 304 -
::1 - - [25/Oct/2017:22:02:14 +0000] "OPTIONS /users/profile/59ea107be5988b0bed9d7a4b HTTP/1.1" 204 0
::1 - - [25/Oct/2017:22:02:14 +0000] "GET /users/profile/59ea107be5988b0bed9d7a4b HTTP/1.1" 304 -
::1 - - [25/Oct/2017:22:02:15 +0000] "GET /users/profile/59ea107be5988b0bed9d7a4b HTTP/1.1" 304 -
::1 - - [25/Oct/2017:22:02:38 +0000] "OPTIONS /users/profile/59ea107be5988b0bed9d7a4b HTTP/1.1" 204 0
::1 - - [25/Oct/2017:22:02:38 +0000] "GET /users/profile/59ea107be5988b0bed9d7a4b HTTP/1.1" 304 -
::1 - - [25/Oct/2017:22:03:10 +0000] "OPTIONS /users/profile/59ea107be5988b0bed9d7a4b HTTP/1.1" 204 0
::1 - - [25/Oct/2017:22:03:10 +0000] "GET /users/profile/59ea107be5988b0bed9d7a4b HTTP/1.1" 304 -
::1 - - [25/Oct/2017:22:03:30 +0000] "OPTIONS /users/profile/59ea107be5988b0bed9d7a4b HTTP/1.1" 204 0
::1 - - [25/Oct/2017:22:03:30 +0000] "GET /users/profile/59ea107be5988b0bed9d7a4b HTTP/1.1" 304 -
::1 - - [25/Oct/2017:22:04:15 +0000] "OPTIONS /users/profile/59ea107be5988b0bed9d7a4b HTTP/1.1" 204 0
::1 - - [25/Oct/2017:22:04:15 +0000] "GET /users/profile/59ea107be5988b0bed9d7a4b HTTP/1.1" 304 -
::1 - - [26/Oct/2017:20:24:47 +0000] "OPTIONS /users/login HTTP/1.1" 204 0
::1 - - [26/Oct/2017:20:24:47 +0000] "POST /users/login HTTP/1.1" 200 615
::1 - - [26/Oct/2017:20:24:49 +0000] "OPTIONS /users/profile/59ea107be5988b0bed9d7a4b HTTP/1.1" 204 0
::1 - - [26/Oct/2017:20:24:49 +0000] "GET /users/profile/59ea107be5988b0bed9d7a4b HTTP/1.1" 200 265
::1 - - [26/Oct/2017:20:27:04 +0000] "OPTIONS /users/profile/59ea107be5988b0bed9d7a4b HTTP/1.1" 204 0
::1 - - [26/Oct/2017:20:27:04 +0000] "GET /users/profile/59ea107be5988b0bed9d7a4b HTTP/1.1" 304 -
::1 - - [26/Oct/2017:20:55:02 +0000] "OPTIONS /users/login HTTP/1.1" 204 0
::1 - - [26/Oct/2017:20:55:02 +0000] "POST /users/login HTTP/1.1" 200 615
::1 - - [26/Oct/2017:20:55:04 +0000] "OPTIONS /users/profile/59ea107be5988b0bed9d7a4b HTTP/1.1" 204 0
::1 - - [26/Oct/2017:20:55:04 +0000] "GET /users/profile/59ea107be5988b0bed9d7a4b HTTP/1.1" 200 265
::1 - - [26/Oct/2017:20:55:13 +0000] "OPTIONS /users/login HTTP/1.1" 204 0
::1 - - [26/Oct/2017:20:55:13 +0000] "POST /users/login HTTP/1.1" 200 615
::1 - - [26/Oct/2017:20:55:14 +0000] "OPTIONS /users/profile/59ea107be5988b0bed9d7a4b HTTP/1.1" 204 0
::1 - - [26/Oct/2017:20:55:14 +0000] "GET /users/profile/59ea107be5988b0bed9d7a4b HTTP/1.1" 200 265
::1 - - [26/Oct/2017:20:55:31 +0000] "OPTIONS /users/profile/59ea107be5988b0bed9d7a4b HTTP/1.1" 204 0
::1 - - [26/Oct/2017:20:55:31 +0000] "GET /users/profile/59ea107be5988b0bed9d7a4b HTTP/1.1" 304 -
::1 - - [26/Oct/2017:21:07:01 +0000] "OPTIONS /users/profile/59ea107be5988b0bed9d7a4b HTTP/1.1" 204 0
::1 - - [26/Oct/2017:21:07:01 +0000] "GET /users/profile/59ea107be5988b0bed9d7a4b HTTP/1.1" 304 -
::1 - - [26/Oct/2017:21:09:59 +0000] "OPTIONS /users/profile/59ea107be5988b0bed9d7a4b HTTP/1.1" 204 0
::1 - - [26/Oct/2017:21:09:59 +0000] "GET /users/profile/59ea107be5988b0bed9d7a4b HTTP/1.1" 401 -
::1 - - [26/Oct/2017:21:10:51 +0000] "OPTIONS /users/profile/59ea107be5988b0bed9d7a4b HTTP/1.1" 204 0
::1 - - [26/Oct/2017:21:10:51 +0000] "GET /users/profile/59ea107be5988b0bed9d7a4b HTTP/1.1" 401 -
::1 - - [26/Oct/2017:21:11:19 +0000] "OPTIONS /users/profile/59ea107be5988b0bed9d7a4b HTTP/1.1" 204 0
::1 - - [26/Oct/2017:21:11:19 +0000] "GET /users/profile/59ea107be5988b0bed9d7a4b HTTP/1.1" 401 -
::1 - - [26/Oct/2017:21:11:39 +0000] "OPTIONS /users/profile/59ea107be5988b0bed9d7a4b HTTP/1.1" 204 0
::1 - - [26/Oct/2017:21:11:39 +0000] "GET /users/profile/59ea107be5988b0bed9d7a4b HTTP/1.1" 401 -
::1 - - [26/Oct/2017:21:11:49 +0000] "OPTIONS /users/profile/59ea107be5988b0bed9d7a4b HTTP/1.1" 204 0
::1 - - [26/Oct/2017:21:11:49 +0000] "GET /users/profile/59ea107be5988b0bed9d7a4b HTTP/1.1" 401 -
::1 - - [26/Oct/2017:21:13:01 +0000] "OPTIONS /users/profile/59ea107be5988b0bed9d7a4b HTTP/1.1" 204 0
::1 - - [26/Oct/2017:21:13:01 +0000] "GET /users/profile/59ea107be5988b0bed9d7a4b HTTP/1.1" 401 -
::1 - - [26/Oct/2017:21:13:14 +0000] "OPTIONS /users/profile/59ea107be5988b0bed9d7a4b HTTP/1.1" 204 0
::1 - - [26/Oct/2017:21:13:14 +0000] "GET /users/profile/59ea107be5988b0bed9d7a4b HTTP/1.1" 401 -
::1 - - [26/Oct/2017:21:13:22 +0000] "OPTIONS /users/profile/59ea107be5988b0bed9d7a4b HTTP/1.1" 204 0
::1 - - [26/Oct/2017:21:13:22 +0000] "GET /users/profile/59ea107be5988b0bed9d7a4b HTTP/1.1" 401 -
::1 - - [26/Oct/2017:21:13:48 +0000] "OPTIONS /users/profile/59ea107be5988b0bed9d7a4b HTTP/1.1" 204 0
::1 - - [26/Oct/2017:21:13:48 +0000] "GET /users/profile/59ea107be5988b0bed9d7a4b HTTP/1.1" 401 -
::1 - - [26/Oct/2017:21:13:58 +0000] "OPTIONS /users/profile/59ea107be5988b0bed9d7a4b HTTP/1.1" 204 0
::1 - - [26/Oct/2017:21:13:58 +0000] "GET /users/profile/59ea107be5988b0bed9d7a4b HTTP/1.1" 401 -
::1 - - [26/Oct/2017:21:14:06 +0000] "OPTIONS /users/profile/59ea107be5988b0bed9d7a4b HTTP/1.1" 204 0
::1 - - [26/Oct/2017:21:14:06 +0000] "GET /users/profile/59ea107be5988b0bed9d7a4b HTTP/1.1" 401 -
::1 - - [26/Oct/2017:21:14:26 +0000] "OPTIONS /users/profile/59ea107be5988b0bed9d7a4b HTTP/1.1" 204 0
::1 - - [26/Oct/2017:21:14:26 +0000] "GET /users/profile/59ea107be5988b0bed9d7a4b HTTP/1.1" 401 -
::1 - - [26/Oct/2017:21:14:55 +0000] "OPTIONS /users/profile/59ea107be5988b0bed9d7a4b HTTP/1.1" 204 0
::1 - - [26/Oct/2017:21:14:55 +0000] "GET /users/profile/59ea107be5988b0bed9d7a4b HTTP/1.1" 401 -
::1 - - [26/Oct/2017:21:15:30 +0000] "OPTIONS /users/profile/59ea107be5988b0bed9d7a4b HTTP/1.1" 204 0
::1 - - [26/Oct/2017:21:15:30 +0000] "GET /users/profile/59ea107be5988b0bed9d7a4b HTTP/1.1" 401 -
::1 - - [26/Oct/2017:21:16:31 +0000] "OPTIONS /users/profile/59ea107be5988b0bed9d7a4b HTTP/1.1" 204 0
::1 - - [26/Oct/2017:21:16:31 +0000] "GET /users/profile/59ea107be5988b0bed9d7a4b HTTP/1.1" 401 -
::1 - - [26/Oct/2017:21:17:34 +0000] "OPTIONS /users/profile/undefined HTTP/1.1" 204 0
::1 - - [26/Oct/2017:21:17:34 +0000] "GET /users/profile/undefined HTTP/1.1" 401 -
::1 - - [26/Oct/2017:21:17:44 +0000] "OPTIONS /users/login HTTP/1.1" 204 0
::1 - - [26/Oct/2017:21:17:45 +0000] "POST /users/login HTTP/1.1" 200 615
::1 - - [26/Oct/2017:21:17:48 +0000] "OPTIONS /users/profile/59ea107be5988b0bed9d7a4b HTTP/1.1" 204 0
::1 - - [26/Oct/2017:21:17:48 +0000] "GET /users/profile/59ea107be5988b0bed9d7a4b HTTP/1.1" 200 265
::1 - - [26/Oct/2017:21:19:22 +0000] "OPTIONS /users/profile/undefined HTTP/1.1" 204 0
::1 - - [26/Oct/2017:21:19:22 +0000] "GET /users/profile/undefined HTTP/1.1" 401 -
::1 - - [26/Oct/2017:21:19:26 +0000] "OPTIONS /users/login HTTP/1.1" 204 0
::1 - - [26/Oct/2017:21:19:26 +0000] "POST /users/login HTTP/1.1" 200 615
::1 - - [26/Oct/2017:21:19:27 +0000] "OPTIONS /users/profile/59ea107be5988b0bed9d7a4b HTTP/1.1" 204 0
::1 - - [26/Oct/2017:21:19:27 +0000] "GET /users/profile/59ea107be5988b0bed9d7a4b HTTP/1.1" 200 265
